<?xml version="1.0" encoding="UTF-8"?>
<!-- Generated by org.testng.reporters.JUnitXMLReporter -->
<testsuite hostname="DESKTOP-AF19HRO" ignored="0" name="RetryFailedTests" tests="10" failures="0" timestamp="2020-11-12T17:55:07 SGT" time="81.423" errors="0">
  <testcase name="computationTaxReliefTest" time="4.193" classname="test.java.TestCases.BookKeeper_taxReliefTC"/>
  <testcase name="getTaxReliefTest" time="0.002" classname="test.java.TestCases.BookKeeper_taxReliefTC"/>
  <testcase name="natIDMaskedWith$Test" time="0.001" classname="test.java.TestCases.BookKeeper_taxReliefTC"/>
  <testcase name="insertIncorrectRecordTest" time="0.483" classname="test.java.TestCases.InsertRecordTC"/>
  <testcase name="insertSingleRecordTest" time="0.02" classname="test.java.TestCases.InsertRecordTC"/>
  <testcase name="InsertMultipleRecordsTest" time="0.048" classname="test.java.TestCases.InsertMultipleRecordsTC"/>
  <testcase name="uploadCSVTest" time="1.371" classname="test.java.TestCases.UploadCSV_TC"/>
  <testcase name="VeriyCashDispensedTest" time="1.29" classname="test.java.TestCases.Governer_TC"/>
  <testcase name="btn_red_Test" time="0.061" classname="test.java.TestCases.Governer_TC"/>
  <testcase name="text_DispenseNowTest" time="0.21" classname="test.java.TestCases.Governer_TC"/>
</testsuite> <!-- RetryFailedTests -->
