<?xml version="1.0" encoding="UTF-8"?>
<testsuite name="TestSuite" time="7.754" tests="10" errors="0" skipped="0" failures="0">
  <properties>
[...]
</properties>
  <testcase name="computationTaxReliefTest" classname="test.java.TestCases.BookKeeper_taxReliefTC" time="4.197"/>
  <testcase name="getTaxReliefTest" classname="test.java.TestCases.BookKeeper_taxReliefTC" time="0.106"/>
  <testcase name="natIDMaskedWith$Test" classname="test.java.TestCases.BookKeeper_taxReliefTC" time="0"/>
  <testcase name="insertIncorrectRecordTest" classname="test.java.TestCases.InsertRecordTC" time="0.454"/>
  <testcase name="insertSingleRecordTest" classname="test.java.TestCases.InsertRecordTC" time="0.019"/>
  <testcase name="InsertMultipleRecordsTest" classname="test.java.TestCases.InsertMultipleRecordsTC" time="0.05"/>
  <testcase name="uploadCSVTest" classname="test.java.TestCases.UploadCSV_TC" time="1.37"/>
  <testcase name="VeriyCashDispensedTest" classname="test.java.TestCases.Governer_TC" time="1.288"/>
  <testcase name="btn_red_Test" classname="test.java.TestCases.Governer_TC" time="0.06"/>
  <testcase name="text_DispenseNowTest" classname="test.java.TestCases.Governer_TC" time="0.21"/>
</testsuite>